0 verbose cli D:\node.exe D:\node_modules\npm\bin\npm-cli.js
1 info using npm@11.6.2
2 info using node@v24.12.0
3 silly config load:file:D:\node_modules\npm\npmrc
4 silly config load:file:D:\.npmrc
5 silly config load:file:C:\Users\lộc\.npmrc
6 silly config load:file:C:\Users\lộc\AppData\Roaming\npm\etc\npmrc
7 verbose title npm exec create-react-app mini2
8 verbose argv "exec" "--" "create-react-app" "mini2"
9 verbose logfile logs-max:10 dir:D:\APTECH\ReactJSS\btvn\npm-cache\_logs\2025-12-30T12_48_10_483Z-
10 verbose logfile D:\APTECH\ReactJSS\btvn\npm-cache\_logs\2025-12-30T12_48_10_483Z-debug-0.log
11 silly logfile start cleaning logs, removing 1 files
12 silly logfile done cleaning log files
13 silly packumentCache heap:4496293888 maxSize:1124073472 maxEntrySize:562036736
14 http fetch GET 200 https://registry.npmjs.org/create-react-app 315ms (cache revalidated)
15 silly packumentCache heap:4496293888 maxSize:1124073472 maxEntrySize:562036736
16 silly packumentCache heap:4496293888 maxSize:1124073472 maxEntrySize:562036736
17 verbose cwd D:\APTECH\ReactJSS\btvn
18 verbose os Windows_NT 10.0.19045
19 verbose node v24.12.0
20 verbose npm  v11.6.2
21 verbose exit 0
22 info ok
