0 verbose cli D:\node.exe D:\node_modules\npm\bin\npm-cli.js
1 info using npm@11.6.2
2 info using node@v24.12.0
3 silly config load:file:D:\node_modules\npm\npmrc
4 silly config load:file:D:\.npmrc
5 silly config load:file:C:\Users\lộc\.npmrc
6 silly config load:file:C:\Users\lộc\AppData\Roaming\npm\etc\npmrc
7 verbose title npm i axios@0.27.2
8 verbose argv "i" "axios@0.27.2"
9 verbose logfile logs-max:10 dir:D:\APTECH\ReactJSS\day4\npm-cache\_logs\2025-12-17T18_27_01_650Z-
10 verbose logfile D:\APTECH\ReactJSS\day4\npm-cache\_logs\2025-12-17T18_27_01_650Z-debug-0.log
11 silly logfile done cleaning log files
12 silly packumentCache heap:4496293888 maxSize:1124073472 maxEntrySize:562036736
13 verbose stack Error: EPERM: operation not permitted, mkdir 'D:\'
13 verbose stack     at async mkdir (node:internal/fs/promises:861:10)
13 verbose stack     at async Arborist.reify (D:\node_modules\npm\node_modules\@npmcli\arborist\lib\arborist\reify.js:109:7)
13 verbose stack     at async Install.exec (D:\node_modules\npm\lib\commands\install.js:150:5)
13 verbose stack     at async Npm.exec (D:\node_modules\npm\lib\npm.js:208:9)
13 verbose stack     at async module.exports (D:\node_modules\npm\lib\cli\entry.js:67:5)
14 error code EPERM
15 error syscall mkdir
16 error path D:\
17 error errno -4048
18 error Error: EPERM: operation not permitted, mkdir 'D:\'
18 error     at async mkdir (node:internal/fs/promises:861:10)
18 error     at async Arborist.reify (D:\node_modules\npm\node_modules\@npmcli\arborist\lib\arborist\reify.js:109:7)
18 error     at async Install.exec (D:\node_modules\npm\lib\commands\install.js:150:5)
18 error     at async Npm.exec (D:\node_modules\npm\lib\npm.js:208:9)
18 error     at async module.exports (D:\node_modules\npm\lib\cli\entry.js:67:5) {
18 error   errno: -4048,
18 error   code: 'EPERM',
18 error   syscall: 'mkdir',
18 error   path: 'D:\\'
18 error }
19 error
19 error The operation was rejected by your operating system.
19 error It's possible that the file was already in use (by a text editor or antivirus),
19 error or that you lack permissions to access it.
19 error
19 error If you believe this might be a permissions issue, please double-check the
19 error permissions of the file and its containing directories, or try running
19 error the command again as root/Administrator.
20 silly unfinished npm timer reify 1765996022352
21 verbose cwd D:\APTECH\ReactJSS\day4
22 verbose os Windows_NT 10.0.19045
23 verbose node v24.12.0
24 verbose npm  v11.6.2
25 verbose exit -4048
26 verbose code -4048
27 error A complete log of this run can be found in: D:\APTECH\ReactJSS\day4\npm-cache\_logs\2025-12-17T18_27_01_650Z-debug-0.log
