0 verbose cli D:\node.exe D:\node_modules\npm\bin\npm-cli.js
1 info using npm@11.6.2
2 info using node@v24.12.0
3 silly config load:file:D:\node_modules\npm\npmrc
4 silly config load:file:D:\.npmrc
5 silly config load:file:C:\Users\lộc\.npmrc
6 silly config load:file:C:\Users\lộc\AppData\Roaming\npm\etc\npmrc
7 verbose title npm start
8 verbose argv "start"
9 verbose logfile logs-max:10 dir:D:\APTECH\ReactJSS\day4\npm-cache\_logs\2025-12-17T18_34_48_862Z-
10 verbose logfile D:\APTECH\ReactJSS\day4\npm-cache\_logs\2025-12-17T18_34_48_862Z-debug-0.log
11 silly logfile done cleaning log files
12 verbose stack Error: Could not read package.json: Error: ENOENT: no such file or directory, open 'D:\package.json'
12 verbose stack     at async open (node:internal/fs/promises:642:25)
12 verbose stack     at async readFile (node:internal/fs/promises:1279:14)
12 verbose stack     at async read (D:\node_modules\npm\node_modules\@npmcli\package-json\lib\read-package.js:9:18)
12 verbose stack     at async PackageJson.load (D:\node_modules\npm\node_modules\@npmcli\package-json\lib\index.js:131:31)
12 verbose stack     at async PackageJson.normalize (D:\node_modules\npm\node_modules\@npmcli\package-json\lib\index.js:117:5)
12 verbose stack     at async #run (D:\node_modules\npm\lib\commands\run.js:90:13)
12 verbose stack     at async RunScript.exec (D:\node_modules\npm\lib\commands\run.js:44:7)
12 verbose stack     at async Npm.exec (D:\node_modules\npm\lib\npm.js:208:9)
12 verbose stack     at async module.exports (D:\node_modules\npm\lib\cli\entry.js:67:5)
13 error code ENOENT
14 error syscall open
15 error path D:\package.json
16 error errno -4058
17 error enoent Could not read package.json: Error: ENOENT: no such file or directory, open 'D:\package.json'
18 error enoent This is related to npm not being able to find a file.
18 error enoent
19 verbose cwd D:\APTECH\ReactJSS\day4
20 verbose os Windows_NT 10.0.19045
21 verbose node v24.12.0
22 verbose npm  v11.6.2
23 verbose exit -4058
24 verbose code -4058
25 error A complete log of this run can be found in: D:\APTECH\ReactJSS\day4\npm-cache\_logs\2025-12-17T18_34_48_862Z-debug-0.log
