0 verbose cli D:\node.exe D:\node_modules\npm\bin\npm-cli.js
1 info using npm@11.6.2
2 info using node@v24.12.0
3 silly config load:file:D:\node_modules\npm\npmrc
4 silly config load:file:D:\.npmrc
5 silly config load:file:C:\Users\lộc\.npmrc
6 silly config load:file:C:\Users\lộc\AppData\Roaming\npm\etc\npmrc
7 verbose title npm exec create-react-app btvnday2
8 verbose argv "exec" "--" "create-react-app" "btvnday2"
9 verbose logfile logs-max:10 dir:D:\APTECH\ReactJSS\btvn\npm-cache\_logs\2025-12-30T12_02_37_856Z-
10 verbose logfile D:\APTECH\ReactJSS\btvn\npm-cache\_logs\2025-12-30T12_02_37_856Z-debug-0.log
11 silly logfile done cleaning log files
12 silly packumentCache heap:4496293888 maxSize:1124073472 maxEntrySize:562036736
13 http fetch GET 200 https://registry.npmjs.org/create-react-app 269ms (cache revalidated)
14 silly packumentCache heap:4496293888 maxSize:1124073472 maxEntrySize:562036736
15 silly packumentCache heap:4496293888 maxSize:1124073472 maxEntrySize:562036736
16 verbose cwd D:\APTECH\ReactJSS\btvn
17 verbose os Windows_NT 10.0.19045
18 verbose node v24.12.0
19 verbose npm  v11.6.2
20 verbose exit 0
21 info ok
