0 verbose cli D:\node.exe D:\node_modules\npm\bin\npm-cli.js
1 info using npm@11.6.2
2 info using node@v24.12.0
3 silly config load:file:D:\node_modules\npm\npmrc
4 silly config load:file:d:\APTECH\ReactJSS\day4\btvnday44\.npmrc
5 silly config load:file:C:\Users\lộc\.npmrc
6 silly config load:file:C:\Users\lộc\AppData\Roaming\npm\etc\npmrc
7 verbose title npm view @testing-library/dom description dist-tags.latest homepage version time
8 verbose argv "view" "--json" "--" "@testing-library/dom" "description" "dist-tags.latest" "homepage" "version" "time"
9 verbose logfile logs-max:10 dir:D:\APTECH\ReactJSS\day4\btvnday44\npm-cache\_logs\2025-12-25T10_28_39_756Z-
10 verbose logfile D:\APTECH\ReactJSS\day4\btvnday44\npm-cache\_logs\2025-12-25T10_28_39_756Z-debug-0.log
11 silly logfile start cleaning logs, removing 1 files
12 silly logfile done cleaning log files
13 http fetch GET 200 https://registry.npmjs.org/@testing-library%2fdom 248ms (cache miss)
14 verbose cwd d:\APTECH\ReactJSS\day4\btvnday44
15 verbose os Windows_NT 10.0.19045
16 verbose node v24.12.0
17 verbose npm  v11.6.2
18 verbose exit 0
19 info ok
